<?xml version="1.0" encoding="UTF-8"?>
<!-- Generated by org.testng.reporters.JUnitXMLReporter -->
<testsuite ignored="0" hostname="DESKTOP-6Q5SA9T" failures="0" tests="6" name="Test" time="163.073" errors="0" timestamp="2026-05-12T10:37:28 AST">
  <testcase classname="testCases.LoginTest" name="verify_login" time="5.096"/>
  <testcase classname="testCases.LogoutTest" name="verify_Logout" time="14.862"/>
  <testcase classname="testCases.SearchTest" name="Verify_SearchItem" time="9.057"/>
  <testcase classname="testCases.HomePageTest" name="verify_HomePageElements" time="3.527"/>
  <testcase classname="testCases.SearchItemTest" name="verify_itemSearch" time="9.998"/>
  <testcase classname="testCases.SectionFlowerTest" name="verifySectionFlower" time="6.299"/>
</testsuite> <!-- Test -->
