<?xml version="1.0" encoding="UTF-8"?>
<!-- Generated by org.testng.reporters.JUnitXMLReporter -->
<testsuite ignored="0" hostname="DESKTOP-6Q5SA9T" failures="0" tests="3" name="Test" time="68.039" errors="0" timestamp="2026-05-11T15:30:05 AST">
  <testcase classname="test.LoginTest" name="verify_login" time="3.084"/>
  <testcase classname="test.LogoutTest" name="verify_Logout" time="8.023"/>
  <testcase classname="test.SearchTest" name="Verify_SearchItem" time="10.332"/>
</testsuite> <!-- Test -->
