<?xml version="1.0" encoding="UTF-8"?>
<!-- Generated by org.testng.reporters.JUnitXMLReporter -->
<testsuite ignored="0" hostname="DESKTOP-6Q5SA9T" failures="2" tests="15" name="Test" time="489.275" errors="0" timestamp="2026-08-12T13:26:33 AST">
  <testcase classname="testCases.LoginTest" name="verify_login" time="6.87"/>
  <testcase classname="testCases.LogoutTest" name="verify_Logout" time="12.959"/>
  <testcase classname="testCases.LogInOutHomePageTest" name="verify_HomePageElements" time="16.808"/>
  <testcase classname="testCases.LoginCheckoutTest" name="verify_CheckoutPrice" time="26.856">
    <failure type="java.lang.AssertionError" message="expected [false] but found [true]">
      <![CDATA[java.lang.AssertionError: expected [false] but found [true]
at testCases.LoginCheckoutTest.verify_CheckoutPrice(LoginCheckoutTest.java:85)
at java.base/java.util.ArrayList.forEach(ArrayList.java:1596)
... Removed 33 stack frames]]>
    </failure>
  </testcase> <!-- verify_CheckoutPrice -->
  <testcase classname="testCases.SearchTest" name="Verify_SearchItem" time="13.828"/>
  <testcase classname="testCases.SearchItemTest" name="verify_itemSearch" time="12.051">
    <failure type="java.lang.AssertionError" message="expected [Luxury Bouquet 150] but found [White Roses 150]">
      <![CDATA[java.lang.AssertionError: expected [Luxury Bouquet 150] but found [White Roses 150]
at testCases.SearchItemTest.verify_itemSearch(SearchItemTest.java:31)
at java.base/java.util.ArrayList.forEach(ArrayList.java:1596)
... Removed 35 stack frames]]>
    </failure>
  </testcase> <!-- verify_itemSearch -->
  <testcase classname="testCases.SectionFlowerTest" name="verifySectionFlower" time="18.963"/>
  <testcase classname="testCases.SortTestConfection" name="verifySort" time="10.877"/>
  <testcase classname="testCases.FilterGiftTest" name="VerifyFilterGift" time="7.967"/>
  <testcase classname="testCases.ProductDetailsTest" name="verify_ProductDetails" time="7.416"/>
  <testcase classname="testCases.CartItemsTest" name="verify_CartItemsTest" time="13.832"/>
  <testcase classname="testCases.CartQuantityItems" name="verify_CartQuantityItemsTest" time="12.33"/>
  <testcase classname="testCases.RemoveItemCartTest" name="verify_RemoveItemCartTest" time="16.623"/>
  <testcase classname="testCases.TopSectionItemsTest" name="verify_TopSestions" time="16.613"/>
  <testcase classname="testCases.ShopThrowShops" name="Verify_shoppingViaShops" time="18.013"/>
</testsuite> <!-- Test -->
