<?xml version="1.0" encoding="UTF-8"?>
<!-- Generated by org.testng.reporters.JUnitXMLReporter -->
<testsuite ignored="0" hostname="DESKTOP-6Q5SA9T" failures="2" tests="2" name="Test(failed)" time="107.646" errors="0" timestamp="2026-05-13T10:56:48 AST">
  <testcase classname="testCases.LoginTest" name="verify_login" time="45.761">
    <failure type="java.lang.AssertionError" message="expected [false] but found [true]">
      <![CDATA[java.lang.AssertionError: expected [false] but found [true]
at testCases.LoginTest.verify_login(LoginTest.java:28)
at java.base/java.util.ArrayList.forEach(ArrayList.java:1596)
... Removed 29 stack frames]]>
    </failure>
  </testcase> <!-- verify_login -->
  <testcase classname="testCases.LogoutTest" name="verify_Logout" time="44.257">
    <failure type="java.lang.AssertionError" message="expected [false] but found [true]">
      <![CDATA[java.lang.AssertionError: expected [false] but found [true]
at testCases.LogoutTest.verify_Logout(LogoutTest.java:28)
at java.base/java.util.ArrayList.forEach(ArrayList.java:1596)
... Removed 29 stack frames]]>
    </failure>
  </testcase> <!-- verify_Logout -->
</testsuite> <!-- Test(failed) -->
