<?xml version="1.0" encoding="UTF-8"?>
<testsuite xmlns:xsi="http://www.w3.org/2001/XMLSchema-instance" xsi:noNamespaceSchemaLocation="https://maven.apache.org/surefire/maven-surefire-plugin/xsd/surefire-test-report.xsd" version="3.0.2" name="TestSuite" time="490.385" tests="15" errors="0" skipped="0" failures="2">
  <properties>
[...]
</properties>
  <testcase name="verify_login" classname="testCases.LoginTest" time="6.888">
    <system-out><![CDATA[2026-08-12 13:18:42,948 (HH:mm:ss.SSS) [main] INFO  testCases.LoginTest *************Account is logged in*****************
2026-08-12 13:18:49,377 (HH:mm:ss.SSS) [main] INFO  testCases.LoginTest *************Account button is clicked*****************
2026-08-12 13:18:49,776 (HH:mm:ss.SSS) [main] INFO  testCases.LoginTest *************logged in Verified*****************
]]></system-out>
    <system-err><![CDATA[[main] INFO io.github.bonigarcia.wdm.WebDriverManager - Using chromedriver 151.0.7922.138 (resolved driver for Chrome 151)
[main] INFO io.github.bonigarcia.wdm.WebDriverManager - Exporting webdriver.chrome.driver as C:\Users\bleem\.cache\selenium\chromedriver\win64\151.0.7922.138\chromedriver.exe
Aug 12, 2026 1:18:25 PM org.openqa.selenium.devtools.CdpVersionFinder findNearestMatch
WARNING: Unable to find CDP implementation matching 151
Aug 12, 2026 1:18:25 PM org.openqa.selenium.chromium.ChromiumDriver lambda$new$5
WARNING: Unable to find version of CDP to use for 151.0.7922.108. You may need to include a dependency on a specific version of the CDP using something similar to `org.seleniumhq.selenium:selenium-devtools-v86:4.21.0` where the version ("v86") matches the version of the chromium-based browser you're using and the version number of the artifact is the same as Selenium's.
]]></system-err>
  </testcase>
  <testcase name="verify_Logout" classname="testCases.LogoutTest" time="12.96">
    <system-out><![CDATA[Browser closed successfully
2026-08-12 13:19:07,948 (HH:mm:ss.SSS) [main] INFO  testCases.LogoutTest *************Account is logged in*****************
2026-08-12 13:19:14,778 (HH:mm:ss.SSS) [main] INFO  testCases.LogoutTest *************logout button clicked***************
2026-08-12 13:19:20,908 (HH:mm:ss.SSS) [main] INFO  testCases.LogoutTest *************Verified logout***************
]]></system-out>
    <system-err><![CDATA[Aug 12, 2026 1:18:49 PM org.openqa.selenium.remote.http.WebSocket$Listener onError
WARNING: Connection reset
java.net.SocketException: Connection reset
	at java.base/sun.nio.ch.SocketChannelImpl.throwConnectionReset(SocketChannelImpl.java:401)
	at java.base/sun.nio.ch.SocketChannelImpl.read(SocketChannelImpl.java:434)
	at java.net.http/jdk.internal.net.http.SocketTube.readAvailable(SocketTube.java:1178)
	at java.net.http/jdk.internal.net.http.SocketTube$InternalReadPublisher$InternalReadSubscription.read(SocketTube.java:841)
	at java.net.http/jdk.internal.net.http.SocketTube$SocketFlowTask.run(SocketTube.java:181)
	at java.net.http/jdk.internal.net.http.common.SequentialScheduler$SchedulableTask.run(SequentialScheduler.java:207)
	at java.net.http/jdk.internal.net.http.common.SequentialScheduler.runOrSchedule(SequentialScheduler.java:280)
	at java.net.http/jdk.internal.net.http.common.SequentialScheduler.runOrSchedule(SequentialScheduler.java:233)
	at java.net.http/jdk.internal.net.http.SocketTube$InternalReadPublisher$InternalReadSubscription.signalReadable(SocketTube.java:782)
	at java.net.http/jdk.internal.net.http.SocketTube$InternalReadPublisher$ReadEvent.signalEvent(SocketTube.java:965)
	at java.net.http/jdk.internal.net.http.SocketTube$SocketFlowEvent.handle(SocketTube.java:253)
	at java.net.http/jdk.internal.net.http.HttpClientImpl$SelectorManager.handleEvent(HttpClientImpl.java:1477)
	at java.net.http/jdk.internal.net.http.HttpClientImpl$SelectorManager.lambda$run$3(HttpClientImpl.java:1422)
	at java.base/java.util.ArrayList.forEach(ArrayList.java:1596)
	at java.net.http/jdk.internal.net.http.HttpClientImpl$SelectorManager.run(HttpClientImpl.java:1422)

[main] INFO io.github.bonigarcia.wdm.WebDriverManager - Using chromedriver 151.0.7922.138 (resolved driver for Chrome 151)
[main] INFO io.github.bonigarcia.wdm.WebDriverManager - Exporting webdriver.chrome.driver as C:\Users\bleem\.cache\selenium\chromedriver\win64\151.0.7922.138\chromedriver.exe
Aug 12, 2026 1:18:50 PM org.openqa.selenium.devtools.CdpVersionFinder findNearestMatch
WARNING: Unable to find CDP implementation matching 151
Aug 12, 2026 1:18:50 PM org.openqa.selenium.chromium.ChromiumDriver lambda$new$5
WARNING: Unable to find version of CDP to use for 151.0.7922.108. You may need to include a dependency on a specific version of the CDP using something similar to `org.seleniumhq.selenium:selenium-devtools-v86:4.21.0` where the version ("v86") matches the version of the chromium-based browser you're using and the version number of the artifact is the same as Selenium's.
]]></system-err>
  </testcase>
  <testcase name="verify_HomePageElements" classname="testCases.LogInOutHomePageTest" time="16.808">
    <system-out><![CDATA[Browser closed successfully
2026-08-12 13:19:41,718 (HH:mm:ss.SSS) [main] INFO  testCases.LogInOutHomePageTest *************Account is logged in*****************
2026-08-12 13:19:52,209 (HH:mm:ss.SSS) [main] INFO  testCases.LogInOutHomePageTest *************Account button is clicked*****************
2026-08-12 13:19:52,428 (HH:mm:ss.SSS) [main] INFO  testCases.LogInOutHomePageTest ************ log in Verified *****************
Take Bleems with you
2026-08-12 13:19:52,914 (HH:mm:ss.SSS) [main] INFO  testCases.LogInOutHomePageTest *************verified Homepage Loaded**************
2026-08-12 13:19:53,111 (HH:mm:ss.SSS) [main] INFO  testCases.LogInOutHomePageTest *************logout button clicked***************
2026-08-12 13:19:58,525 (HH:mm:ss.SSS) [main] INFO  testCases.LogInOutHomePageTest *************Verified logout***************
]]></system-out>
    <system-err><![CDATA[Aug 12, 2026 1:19:21 PM org.openqa.selenium.remote.http.WebSocket$Listener onError
WARNING: Connection reset
java.net.SocketException: Connection reset
	at java.base/sun.nio.ch.SocketChannelImpl.throwConnectionReset(SocketChannelImpl.java:401)
	at java.base/sun.nio.ch.SocketChannelImpl.read(SocketChannelImpl.java:434)
	at java.net.http/jdk.internal.net.http.SocketTube.readAvailable(SocketTube.java:1178)
	at java.net.http/jdk.internal.net.http.SocketTube$InternalReadPublisher$InternalReadSubscription.read(SocketTube.java:841)
	at java.net.http/jdk.internal.net.http.SocketTube$SocketFlowTask.run(SocketTube.java:181)
	at java.net.http/jdk.internal.net.http.common.SequentialScheduler$SchedulableTask.run(SequentialScheduler.java:207)
	at java.net.http/jdk.internal.net.http.common.SequentialScheduler.runOrSchedule(SequentialScheduler.java:280)
	at java.net.http/jdk.internal.net.http.common.SequentialScheduler.runOrSchedule(SequentialScheduler.java:233)
	at java.net.http/jdk.internal.net.http.SocketTube$InternalReadPublisher$InternalReadSubscription.signalReadable(SocketTube.java:782)
	at java.net.http/jdk.internal.net.http.SocketTube$InternalReadPublisher$ReadEvent.signalEvent(SocketTube.java:965)
	at java.net.http/jdk.internal.net.http.SocketTube$SocketFlowEvent.handle(SocketTube.java:253)
	at java.net.http/jdk.internal.net.http.HttpClientImpl$SelectorManager.handleEvent(HttpClientImpl.java:1477)
	at java.net.http/jdk.internal.net.http.HttpClientImpl$SelectorManager.lambda$run$3(HttpClientImpl.java:1422)
	at java.base/java.util.ArrayList.forEach(ArrayList.java:1596)
	at java.net.http/jdk.internal.net.http.HttpClientImpl$SelectorManager.run(HttpClientImpl.java:1422)

[main] INFO io.github.bonigarcia.wdm.WebDriverManager - Using chromedriver 151.0.7922.138 (resolved driver for Chrome 151)
[main] INFO io.github.bonigarcia.wdm.WebDriverManager - Exporting webdriver.chrome.driver as C:\Users\bleem\.cache\selenium\chromedriver\win64\151.0.7922.138\chromedriver.exe
Aug 12, 2026 1:19:21 PM org.openqa.selenium.devtools.CdpVersionFinder findNearestMatch
WARNING: Unable to find CDP implementation matching 151
Aug 12, 2026 1:19:21 PM org.openqa.selenium.chromium.ChromiumDriver lambda$new$5
WARNING: Unable to find version of CDP to use for 151.0.7922.108. You may need to include a dependency on a specific version of the CDP using something similar to `org.seleniumhq.selenium:selenium-devtools-v86:4.21.0` where the version ("v86") matches the version of the chromium-based browser you're using and the version number of the artifact is the same as Selenium's.
]]></system-err>
  </testcase>
  <testcase name="verify_CheckoutPrice" classname="testCases.LoginCheckoutTest" time="26.862">
    <failure message="expected [false] but found [true]" type="java.lang.AssertionError"><![CDATA[java.lang.AssertionError: expected [false] but found [true]
	at org.testng.Assert.fail(Assert.java:111)
	at org.testng.Assert.failNotEquals(Assert.java:1578)
	at org.testng.Assert.assertFalse(Assert.java:79)
	at org.testng.Assert.assertFalse(Assert.java:89)
	at testCases.LoginCheckoutTest.verify_CheckoutPrice(LoginCheckoutTest.java:85)
	at java.base/jdk.internal.reflect.DirectMethodHandleAccessor.invoke(DirectMethodHandleAccessor.java:103)
	at java.base/java.lang.reflect.Method.invoke(Method.java:580)
	at org.testng.internal.invokers.MethodInvocationHelper.invokeMethod(MethodInvocationHelper.java:141)
	at org.testng.internal.invokers.TestInvoker.invokeMethod(TestInvoker.java:686)
	at org.testng.internal.invokers.TestInvoker.invokeTestMethod(TestInvoker.java:230)
	at org.testng.internal.invokers.MethodRunner.runInSequence(MethodRunner.java:63)
	at org.testng.internal.invokers.TestInvoker$MethodInvocationAgent.invoke(TestInvoker.java:992)
	at org.testng.internal.invokers.TestInvoker.invokeTestMethods(TestInvoker.java:203)
	at org.testng.internal.invokers.TestMethodWorker.invokeTestMethods(TestMethodWorker.java:154)
	at org.testng.internal.invokers.TestMethodWorker.run(TestMethodWorker.java:134)
	at java.base/java.util.ArrayList.forEach(ArrayList.java:1596)
	at org.testng.TestRunner.privateRun(TestRunner.java:739)
	at org.testng.TestRunner.run(TestRunner.java:614)
	at org.testng.SuiteRunner.runTest(SuiteRunner.java:421)
	at org.testng.SuiteRunner.runSequentially(SuiteRunner.java:413)
	at org.testng.SuiteRunner.privateRun(SuiteRunner.java:373)
	at org.testng.SuiteRunner.run(SuiteRunner.java:312)
	at org.testng.SuiteRunnerWorker.runSuite(SuiteRunnerWorker.java:52)
	at org.testng.SuiteRunnerWorker.run(SuiteRunnerWorker.java:95)
	at org.testng.TestNG.runSuitesSequentially(TestNG.java:1274)
	at org.testng.TestNG.runSuitesLocally(TestNG.java:1208)
	at org.testng.TestNG.runSuites(TestNG.java:1112)
	at org.testng.TestNG.run(TestNG.java:1079)
	at org.apache.maven.surefire.testng.TestNGExecutor.run(TestNGExecutor.java:308)
	at org.apache.maven.surefire.testng.TestNGXmlTestSuite.execute(TestNGXmlTestSuite.java:71)
	at org.apache.maven.surefire.testng.TestNGProvider.invoke(TestNGProvider.java:113)
	at org.apache.maven.surefire.booter.ForkedBooter.runSuitesInProcess(ForkedBooter.java:385)
	at org.apache.maven.surefire.booter.ForkedBooter.execute(ForkedBooter.java:162)
	at org.apache.maven.surefire.booter.ForkedBooter.run(ForkedBooter.java:507)
	at org.apache.maven.surefire.booter.ForkedBooter.main(ForkedBooter.java:495)
]]></failure>
    <system-out><![CDATA[Browser closed successfully
2026-08-12 13:20:26,229 (HH:mm:ss.SSS) [main] INFO  testCases.LoginCheckoutTest *************Account is logged in*****************
org.openqa.selenium.TimeoutException: Expected condition failed: waiting for element to be clickable: [[ChromeDriver: chrome on windows (8e520c1c8aacc3232c990a9b698774d3)] -> xpath: //button[@role='tab'][normalize-space()='Products']] (tried for 20 second(s) with 500 milliseconds interval)
Build info: version: '4.21.0', revision: '79ed462ef4'
System info: os.name: 'Windows 11', os.arch: 'amd64', os.version: '10.0', java.version: '21.0.10'
Driver info: org.openqa.selenium.chrome.ChromeDriver
Capabilities {acceptInsecureCerts: false, browserName: chrome, browserVersion: 151.0.7922.108, chrome: {chromedriverVersion: 151.0.7922.138 (41fa8244239..., userDataDir: C:\Users\bleem\AppData\Loca...}, fedcm:accounts: true, goog:chromeOptions: {debuggerAddress: localhost:61888}, goog:processID: 33224, networkConnectionEnabled: false, pageLoadStrategy: normal, platformName: windows, proxy: Proxy(), se:cdp: ws://localhost:61888/devtoo..., se:cdpVersion: 151.0.7922.108, setWindowRect: true, strictFileInteractability: false, timeouts: {implicit: 0, pageLoad: 300000, script: 30000}, unhandledPromptBehavior: dismiss and notify, webauthn:extension:credBlob: true, webauthn:extension:largeBlob: true, webauthn:extension:minPinLength: true, webauthn:extension:prf: true, webauthn:virtualAuthenticators: true}
Session ID: 8e520c1c8aacc3232c990a9b698774d3
]]></system-out>
    <system-err><![CDATA[[main] INFO io.github.bonigarcia.wdm.WebDriverManager - Using chromedriver 151.0.7922.138 (resolved driver for Chrome 151)
[main] INFO io.github.bonigarcia.wdm.WebDriverManager - Exporting webdriver.chrome.driver as C:\Users\bleem\.cache\selenium\chromedriver\win64\151.0.7922.138\chromedriver.exe
Aug 12, 2026 1:19:59 PM org.openqa.selenium.devtools.CdpVersionFinder findNearestMatch
WARNING: Unable to find CDP implementation matching 151
Aug 12, 2026 1:19:59 PM org.openqa.selenium.chromium.ChromiumDriver lambda$new$5
WARNING: Unable to find version of CDP to use for 151.0.7922.108. You may need to include a dependency on a specific version of the CDP using something similar to `org.seleniumhq.selenium:selenium-devtools-v86:4.21.0` where the version ("v86") matches the version of the chromium-based browser you're using and the version number of the artifact is the same as Selenium's.
]]></system-err>
  </testcase>
  <testcase name="Verify_SearchItem" classname="testCases.SearchTest" time="13.828">
    <system-out><![CDATA[Browser closed successfully
2026-08-12 13:21:05,553 (HH:mm:ss.SSS) [main] INFO  testCases.SearchTest *************Account is logged in*****************
2026-08-12 13:21:10,903 (HH:mm:ss.SSS) [main] INFO  testCases.SearchTest ***********Search key inserted***********
2026-08-12 13:21:19,339 (HH:mm:ss.SSS) [main] INFO  testCases.SearchTest ****************Item Clicked*****************
2026-08-12 13:21:19,381 (HH:mm:ss.SSS) [main] INFO  testCases.SearchTest ****************Search Verified*****************
]]></system-out>
    <system-err><![CDATA[[main] INFO io.github.bonigarcia.wdm.WebDriverManager - Using chromedriver 151.0.7922.138 (resolved driver for Chrome 151)
[main] INFO io.github.bonigarcia.wdm.WebDriverManager - Exporting webdriver.chrome.driver as C:\Users\bleem\.cache\selenium\chromedriver\win64\151.0.7922.138\chromedriver.exe
Aug 12, 2026 1:20:53 PM org.openqa.selenium.devtools.CdpVersionFinder findNearestMatch
WARNING: Unable to find CDP implementation matching 151
Aug 12, 2026 1:20:53 PM org.openqa.selenium.chromium.ChromiumDriver lambda$new$5
WARNING: Unable to find version of CDP to use for 151.0.7922.108. You may need to include a dependency on a specific version of the CDP using something similar to `org.seleniumhq.selenium:selenium-devtools-v86:4.21.0` where the version ("v86") matches the version of the chromium-based browser you're using and the version number of the artifact is the same as Selenium's.
]]></system-err>
  </testcase>
  <testcase name="verify_itemSearch" classname="testCases.SearchItemTest" time="12.049">
    <failure message="expected [Luxury Bouquet 150] but found [White Roses 150]" type="java.lang.AssertionError"><![CDATA[java.lang.AssertionError: expected [Luxury Bouquet 150] but found [White Roses 150]
	at org.testng.Assert.fail(Assert.java:111)
	at org.testng.Assert.failNotEquals(Assert.java:1578)
	at org.testng.Assert.assertEqualsImpl(Assert.java:150)
	at org.testng.Assert.assertEquals(Assert.java:132)
	at org.testng.Assert.assertEquals(Assert.java:656)
	at org.testng.Assert.assertEquals(Assert.java:666)
	at testCases.SearchItemTest.verify_itemSearch(SearchItemTest.java:31)
	at java.base/jdk.internal.reflect.DirectMethodHandleAccessor.invoke(DirectMethodHandleAccessor.java:103)
	at java.base/java.lang.reflect.Method.invoke(Method.java:580)
	at org.testng.internal.invokers.MethodInvocationHelper.invokeMethod(MethodInvocationHelper.java:141)
	at org.testng.internal.invokers.TestInvoker.invokeMethod(TestInvoker.java:686)
	at org.testng.internal.invokers.TestInvoker.invokeTestMethod(TestInvoker.java:230)
	at org.testng.internal.invokers.MethodRunner.runInSequence(MethodRunner.java:63)
	at org.testng.internal.invokers.TestInvoker$MethodInvocationAgent.invoke(TestInvoker.java:992)
	at org.testng.internal.invokers.TestInvoker.invokeTestMethods(TestInvoker.java:203)
	at org.testng.internal.invokers.TestMethodWorker.invokeTestMethods(TestMethodWorker.java:154)
	at org.testng.internal.invokers.TestMethodWorker.run(TestMethodWorker.java:134)
	at java.base/java.util.ArrayList.forEach(ArrayList.java:1596)
	at org.testng.TestRunner.privateRun(TestRunner.java:739)
	at org.testng.TestRunner.run(TestRunner.java:614)
	at org.testng.SuiteRunner.runTest(SuiteRunner.java:421)
	at org.testng.SuiteRunner.runSequentially(SuiteRunner.java:413)
	at org.testng.SuiteRunner.privateRun(SuiteRunner.java:373)
	at org.testng.SuiteRunner.run(SuiteRunner.java:312)
	at org.testng.SuiteRunnerWorker.runSuite(SuiteRunnerWorker.java:52)
	at org.testng.SuiteRunnerWorker.run(SuiteRunnerWorker.java:95)
	at org.testng.TestNG.runSuitesSequentially(TestNG.java:1274)
	at org.testng.TestNG.runSuitesLocally(TestNG.java:1208)
	at org.testng.TestNG.runSuites(TestNG.java:1112)
	at org.testng.TestNG.run(TestNG.java:1079)
	at org.apache.maven.surefire.testng.TestNGExecutor.run(TestNGExecutor.java:308)
	at org.apache.maven.surefire.testng.TestNGXmlTestSuite.execute(TestNGXmlTestSuite.java:71)
	at org.apache.maven.surefire.testng.TestNGProvider.invoke(TestNGProvider.java:113)
	at org.apache.maven.surefire.booter.ForkedBooter.runSuitesInProcess(ForkedBooter.java:385)
	at org.apache.maven.surefire.booter.ForkedBooter.execute(ForkedBooter.java:162)
	at org.apache.maven.surefire.booter.ForkedBooter.run(ForkedBooter.java:507)
	at org.apache.maven.surefire.booter.ForkedBooter.main(ForkedBooter.java:495)
]]></failure>
    <system-out><![CDATA[Browser closed successfully
2026-08-12 13:21:44,461 (HH:mm:ss.SSS) [main] INFO  testCases.SearchItemTest *************Account is logged in*****************
2026-08-12 13:21:52,563 (HH:mm:ss.SSS) [main] INFO  testCases.SearchItemTest *************Search Value Entered***************
2026-08-12 13:21:56,440 (HH:mm:ss.SSS) [main] INFO  testCases.SearchItemTest *************Search product clicked***************
2026-08-12 13:21:56,512 (HH:mm:ss.SSS) [main] INFO  testCases.SearchItemTest *************Product title copied***************
White Roses 150
]]></system-out>
    <system-err><![CDATA[Aug 12, 2026 1:21:19 PM org.openqa.selenium.remote.http.WebSocket$Listener onError
WARNING: Connection reset
java.net.SocketException: Connection reset
	at java.base/sun.nio.ch.SocketChannelImpl.throwConnectionReset(SocketChannelImpl.java:401)
	at java.base/sun.nio.ch.SocketChannelImpl.read(SocketChannelImpl.java:434)
	at java.net.http/jdk.internal.net.http.SocketTube.readAvailable(SocketTube.java:1178)
	at java.net.http/jdk.internal.net.http.SocketTube$InternalReadPublisher$InternalReadSubscription.read(SocketTube.java:841)
	at java.net.http/jdk.internal.net.http.SocketTube$SocketFlowTask.run(SocketTube.java:181)
	at java.net.http/jdk.internal.net.http.common.SequentialScheduler$SchedulableTask.run(SequentialScheduler.java:207)
	at java.net.http/jdk.internal.net.http.common.SequentialScheduler.runOrSchedule(SequentialScheduler.java:280)
	at java.net.http/jdk.internal.net.http.common.SequentialScheduler.runOrSchedule(SequentialScheduler.java:233)
	at java.net.http/jdk.internal.net.http.SocketTube$InternalReadPublisher$InternalReadSubscription.signalReadable(SocketTube.java:782)
	at java.net.http/jdk.internal.net.http.SocketTube$InternalReadPublisher$ReadEvent.signalEvent(SocketTube.java:965)
	at java.net.http/jdk.internal.net.http.SocketTube$SocketFlowEvent.handle(SocketTube.java:253)
	at java.net.http/jdk.internal.net.http.HttpClientImpl$SelectorManager.handleEvent(HttpClientImpl.java:1477)
	at java.net.http/jdk.internal.net.http.HttpClientImpl$SelectorManager.lambda$run$3(HttpClientImpl.java:1422)
	at java.base/java.util.ArrayList.forEach(ArrayList.java:1596)
	at java.net.http/jdk.internal.net.http.HttpClientImpl$SelectorManager.run(HttpClientImpl.java:1422)

[main] INFO io.github.bonigarcia.wdm.WebDriverManager - Using chromedriver 151.0.7922.138 (resolved driver for Chrome 151)
[main] INFO io.github.bonigarcia.wdm.WebDriverManager - Exporting webdriver.chrome.driver as C:\Users\bleem\.cache\selenium\chromedriver\win64\151.0.7922.138\chromedriver.exe
Aug 12, 2026 1:21:20 PM org.openqa.selenium.devtools.CdpVersionFinder findNearestMatch
WARNING: Unable to find CDP implementation matching 151
Aug 12, 2026 1:21:20 PM org.openqa.selenium.chromium.ChromiumDriver lambda$new$5
WARNING: Unable to find version of CDP to use for 151.0.7922.108. You may need to include a dependency on a specific version of the CDP using something similar to `org.seleniumhq.selenium:selenium-devtools-v86:4.21.0` where the version ("v86") matches the version of the chromium-based browser you're using and the version number of the artifact is the same as Selenium's.
]]></system-err>
  </testcase>
  <testcase name="verifySectionFlower" classname="testCases.SectionFlowerTest" time="18.963">
    <system-out><![CDATA[Browser closed successfully
2026-08-12 13:22:22,969 (HH:mm:ss.SSS) [main] INFO  testCases.SectionFlowerTest *************Account is logged in*****************
2026-08-12 13:22:33,608 (HH:mm:ss.SSS) [main] INFO  testCases.SectionFlowerTest **********Section flower selected************
2026-08-12 13:22:37,948 (HH:mm:ss.SSS) [main] INFO  testCases.SectionFlowerTest ****************SubType Hand Bouquets Selected********************
2026-08-12 13:22:38,215 (HH:mm:ss.SSS) [main] INFO  testCases.SectionFlowerTest ********Item Selected**********
2026-08-12 13:22:41,941 (HH:mm:ss.SSS) [main] INFO  testCases.SectionFlowerTest *************Verified Flower Section***************
]]></system-out>
    <system-err><![CDATA[Aug 12, 2026 1:21:56 PM org.openqa.selenium.remote.http.WebSocket$Listener onError
WARNING: Connection reset
java.net.SocketException: Connection reset
	at java.base/sun.nio.ch.SocketChannelImpl.throwConnectionReset(SocketChannelImpl.java:401)
	at java.base/sun.nio.ch.SocketChannelImpl.read(SocketChannelImpl.java:434)
	at java.net.http/jdk.internal.net.http.SocketTube.readAvailable(SocketTube.java:1178)
	at java.net.http/jdk.internal.net.http.SocketTube$InternalReadPublisher$InternalReadSubscription.read(SocketTube.java:841)
	at java.net.http/jdk.internal.net.http.SocketTube$SocketFlowTask.run(SocketTube.java:181)
	at java.net.http/jdk.internal.net.http.common.SequentialScheduler$SchedulableTask.run(SequentialScheduler.java:207)
	at java.net.http/jdk.internal.net.http.common.SequentialScheduler.runOrSchedule(SequentialScheduler.java:280)
	at java.net.http/jdk.internal.net.http.common.SequentialScheduler.runOrSchedule(SequentialScheduler.java:233)
	at java.net.http/jdk.internal.net.http.SocketTube$InternalReadPublisher$InternalReadSubscription.signalReadable(SocketTube.java:782)
	at java.net.http/jdk.internal.net.http.SocketTube$InternalReadPublisher$ReadEvent.signalEvent(SocketTube.java:965)
	at java.net.http/jdk.internal.net.http.SocketTube$SocketFlowEvent.handle(SocketTube.java:253)
	at java.net.http/jdk.internal.net.http.HttpClientImpl$SelectorManager.handleEvent(HttpClientImpl.java:1477)
	at java.net.http/jdk.internal.net.http.HttpClientImpl$SelectorManager.lambda$run$3(HttpClientImpl.java:1422)
	at java.base/java.util.ArrayList.forEach(ArrayList.java:1596)
	at java.net.http/jdk.internal.net.http.HttpClientImpl$SelectorManager.run(HttpClientImpl.java:1422)

[main] INFO io.github.bonigarcia.wdm.WebDriverManager - Using chromedriver 151.0.7922.138 (resolved driver for Chrome 151)
[main] INFO io.github.bonigarcia.wdm.WebDriverManager - Exporting webdriver.chrome.driver as C:\Users\bleem\.cache\selenium\chromedriver\win64\151.0.7922.138\chromedriver.exe
Aug 12, 2026 1:21:57 PM org.openqa.selenium.devtools.CdpVersionFinder findNearestMatch
WARNING: Unable to find CDP implementation matching 151
Aug 12, 2026 1:21:57 PM org.openqa.selenium.chromium.ChromiumDriver lambda$new$5
WARNING: Unable to find version of CDP to use for 151.0.7922.108. You may need to include a dependency on a specific version of the CDP using something similar to `org.seleniumhq.selenium:selenium-devtools-v86:4.21.0` where the version ("v86") matches the version of the chromium-based browser you're using and the version number of the artifact is the same as Selenium's.
]]></system-err>
  </testcase>
  <testcase name="verifySort" classname="testCases.SortTestConfection" time="10.877">
    <system-out><![CDATA[Browser closed successfully
2026-08-12 13:23:00,401 (HH:mm:ss.SSS) [main] INFO  testCases.SortTestConfection *************Account is logged in*****************
2026-08-12 13:23:09,656 (HH:mm:ss.SSS) [main] INFO  testCases.SortTestConfection ***********Confection clicked************
2026-08-12 13:23:09,763 (HH:mm:ss.SSS) [main] INFO  testCases.SortTestConfection *********Confection Section Confirmed*********
2026-08-12 13:23:10,192 (HH:mm:ss.SSS) [main] INFO  testCases.SortTestConfection ***********Price Low to High Sort Selected************
2026-08-12 13:23:10,271 (HH:mm:ss.SSS) [main] INFO  testCases.SortTestConfection ********** Verified Sort ************
2026-08-12 13:23:11,278 (HH:mm:ss.SSS) [main] INFO  testCases.SortTestConfection $$$$$$$$$ Verified Sort price $$$$$$$$$
]]></system-out>
    <system-err><![CDATA[[main] INFO io.github.bonigarcia.wdm.WebDriverManager - Using chromedriver 151.0.7922.138 (resolved driver for Chrome 151)
[main] INFO io.github.bonigarcia.wdm.WebDriverManager - Exporting webdriver.chrome.driver as C:\Users\bleem\.cache\selenium\chromedriver\win64\151.0.7922.138\chromedriver.exe
Aug 12, 2026 1:22:42 PM org.openqa.selenium.devtools.CdpVersionFinder findNearestMatch
WARNING: Unable to find CDP implementation matching 151
Aug 12, 2026 1:22:42 PM org.openqa.selenium.chromium.ChromiumDriver lambda$new$5
WARNING: Unable to find version of CDP to use for 151.0.7922.108. You may need to include a dependency on a specific version of the CDP using something similar to `org.seleniumhq.selenium:selenium-devtools-v86:4.21.0` where the version ("v86") matches the version of the chromium-based browser you're using and the version number of the artifact is the same as Selenium's.
]]></system-err>
  </testcase>
  <testcase name="VerifyFilterGift" classname="testCases.FilterGiftTest" time="7.967">
    <system-out><![CDATA[Browser closed successfully
2026-08-12 13:23:27,339 (HH:mm:ss.SSS) [main] INFO  testCases.FilterGiftTest *************Account is logged in*****************
2026-08-12 13:23:34,111 (HH:mm:ss.SSS) [main] INFO  testCases.FilterGiftTest ********** Gift Section Clicked ***********
2026-08-12 13:23:34,268 (HH:mm:ss.SSS) [main] INFO  testCases.FilterGiftTest ************** Discount button clicked ***************
2026-08-12 13:23:34,425 (HH:mm:ss.SSS) [main] INFO  testCases.FilterGiftTest ************** Discount Selected ***************
2026-08-12 13:23:34,475 (HH:mm:ss.SSS) [main] INFO  testCases.FilterGiftTest ************** Discount chip verified ***************
2026-08-12 13:23:35,306 (HH:mm:ss.SSS) [main] INFO  testCases.FilterGiftTest *************** Verified Discount Applied ***************
]]></system-out>
    <system-err><![CDATA[[main] INFO io.github.bonigarcia.wdm.WebDriverManager - Using chromedriver 151.0.7922.138 (resolved driver for Chrome 151)
[main] INFO io.github.bonigarcia.wdm.WebDriverManager - Exporting webdriver.chrome.driver as C:\Users\bleem\.cache\selenium\chromedriver\win64\151.0.7922.138\chromedriver.exe
Aug 12, 2026 1:23:12 PM org.openqa.selenium.devtools.CdpVersionFinder findNearestMatch
WARNING: Unable to find CDP implementation matching 151
Aug 12, 2026 1:23:12 PM org.openqa.selenium.chromium.ChromiumDriver lambda$new$5
WARNING: Unable to find version of CDP to use for 151.0.7922.108. You may need to include a dependency on a specific version of the CDP using something similar to `org.seleniumhq.selenium:selenium-devtools-v86:4.21.0` where the version ("v86") matches the version of the chromium-based browser you're using and the version number of the artifact is the same as Selenium's.
]]></system-err>
  </testcase>
  <testcase name="verify_ProductDetails" classname="testCases.ProductDetailsTest" time="7.416">
    <system-out><![CDATA[Browser closed successfully
2026-08-12 13:23:50,407 (HH:mm:ss.SSS) [main] INFO  testCases.ProductDetailsTest *************Account is logged in*****************
2026-08-12 13:23:55,550 (HH:mm:ss.SSS) [main] INFO  testCases.ProductDetailsTest *************Search Value Entered***************
2026-08-12 13:23:57,710 (HH:mm:ss.SSS) [main] INFO  testCases.ProductDetailsTest *************Search product clicked***************
2026-08-12 13:23:57,775 (HH:mm:ss.SSS) [main] INFO  testCases.ProductDetailsTest *************Product title copied***************
Pink And Red Twin
2026-08-12 13:23:57,775 (HH:mm:ss.SSS) [main] INFO  testCases.ProductDetailsTest *************Verified Product Title ***************
32.300
2026-08-12 13:23:57,807 (HH:mm:ss.SSS) [main] INFO  testCases.ProductDetailsTest *************Verified Product Price not Empty ***************
2026-08-12 13:23:57,823 (HH:mm:ss.SSS) [main] INFO  testCases.ProductDetailsTest *************Verified Product Discribtion not Empty ***************
]]></system-out>
    <system-err><![CDATA[Aug 12, 2026 1:23:35 PM org.openqa.selenium.remote.http.WebSocket$Listener onError
WARNING: Connection reset
java.net.SocketException: Connection reset
	at java.base/sun.nio.ch.SocketChannelImpl.throwConnectionReset(SocketChannelImpl.java:401)
	at java.base/sun.nio.ch.SocketChannelImpl.read(SocketChannelImpl.java:434)
	at java.net.http/jdk.internal.net.http.SocketTube.readAvailable(SocketTube.java:1178)
	at java.net.http/jdk.internal.net.http.SocketTube$InternalReadPublisher$InternalReadSubscription.read(SocketTube.java:841)
	at java.net.http/jdk.internal.net.http.SocketTube$SocketFlowTask.run(SocketTube.java:181)
	at java.net.http/jdk.internal.net.http.common.SequentialScheduler$SchedulableTask.run(SequentialScheduler.java:207)
	at java.net.http/jdk.internal.net.http.common.SequentialScheduler.runOrSchedule(SequentialScheduler.java:280)
	at java.net.http/jdk.internal.net.http.common.SequentialScheduler.runOrSchedule(SequentialScheduler.java:233)
	at java.net.http/jdk.internal.net.http.SocketTube$InternalReadPublisher$InternalReadSubscription.signalReadable(SocketTube.java:782)
	at java.net.http/jdk.internal.net.http.SocketTube$InternalReadPublisher$ReadEvent.signalEvent(SocketTube.java:965)
	at java.net.http/jdk.internal.net.http.SocketTube$SocketFlowEvent.handle(SocketTube.java:253)
	at java.net.http/jdk.internal.net.http.HttpClientImpl$SelectorManager.handleEvent(HttpClientImpl.java:1477)
	at java.net.http/jdk.internal.net.http.HttpClientImpl$SelectorManager.lambda$run$3(HttpClientImpl.java:1422)
	at java.base/java.util.ArrayList.forEach(ArrayList.java:1596)
	at java.net.http/jdk.internal.net.http.HttpClientImpl$SelectorManager.run(HttpClientImpl.java:1422)

[main] INFO io.github.bonigarcia.wdm.WebDriverManager - Using chromedriver 151.0.7922.138 (resolved driver for Chrome 151)
[main] INFO io.github.bonigarcia.wdm.WebDriverManager - Exporting webdriver.chrome.driver as C:\Users\bleem\.cache\selenium\chromedriver\win64\151.0.7922.138\chromedriver.exe
Aug 12, 2026 1:23:36 PM org.openqa.selenium.devtools.CdpVersionFinder findNearestMatch
WARNING: Unable to find CDP implementation matching 151
Aug 12, 2026 1:23:36 PM org.openqa.selenium.chromium.ChromiumDriver lambda$new$5
WARNING: Unable to find version of CDP to use for 151.0.7922.108. You may need to include a dependency on a specific version of the CDP using something similar to `org.seleniumhq.selenium:selenium-devtools-v86:4.21.0` where the version ("v86") matches the version of the chromium-based browser you're using and the version number of the artifact is the same as Selenium's.
]]></system-err>
  </testcase>
  <testcase name="verify_CartItemsTest" classname="testCases.CartItemsTest" time="13.832">
    <system-out><![CDATA[Browser closed successfully
2026-08-12 13:24:13,305 (HH:mm:ss.SSS) [main] INFO  testCases.CartItemsTest *************Account is logged in*****************
2026-08-12 13:24:18,759 (HH:mm:ss.SSS) [main] INFO  testCases.CartItemsTest ************* Search item ***************
2026-08-12 13:24:20,751 (HH:mm:ss.SSS) [main] INFO  testCases.CartItemsTest *************Search product clicked***************
2026-08-12 13:24:20,826 (HH:mm:ss.SSS) [main] INFO  testCases.CartItemsTest *************Product title copied***************
Romance Bento Cake 26
2026-08-12 13:24:20,826 (HH:mm:ss.SSS) [main] INFO  testCases.CartItemsTest *************Verified Product Title ***************
2026-08-12 13:24:20,906 (HH:mm:ss.SSS) [main] INFO  testCases.CartItemsTest ***********Send button clicked*************
2026-08-12 13:24:21,114 (HH:mm:ss.SSS) [main] INFO  testCases.CartItemsTest ********* Address Selected ***********
2026-08-12 13:24:24,679 (HH:mm:ss.SSS) [main] INFO  testCases.CartItemsTest ********* Date Selected ******************
2026-08-12 13:24:27,137 (HH:mm:ss.SSS) [main] INFO  testCases.CartItemsTest Cart Badge Count : 1
2026-08-12 13:24:27,137 (HH:mm:ss.SSS) [main] INFO  testCases.CartItemsTest Cart Item Count : 1
]]></system-out>
    <system-err><![CDATA[[main] INFO io.github.bonigarcia.wdm.WebDriverManager - Using chromedriver 151.0.7922.138 (resolved driver for Chrome 151)
[main] INFO io.github.bonigarcia.wdm.WebDriverManager - Exporting webdriver.chrome.driver as C:\Users\bleem\.cache\selenium\chromedriver\win64\151.0.7922.138\chromedriver.exe
Aug 12, 2026 1:23:58 PM org.openqa.selenium.devtools.CdpVersionFinder findNearestMatch
WARNING: Unable to find CDP implementation matching 151
Aug 12, 2026 1:23:58 PM org.openqa.selenium.chromium.ChromiumDriver lambda$new$5
WARNING: Unable to find version of CDP to use for 151.0.7922.108. You may need to include a dependency on a specific version of the CDP using something similar to `org.seleniumhq.selenium:selenium-devtools-v86:4.21.0` where the version ("v86") matches the version of the chromium-based browser you're using and the version number of the artifact is the same as Selenium's.
]]></system-err>
  </testcase>
  <testcase name="verify_CartQuantityItemsTest" classname="testCases.CartQuantityItems" time="12.331">
    <system-out><![CDATA[Browser closed successfully
2026-08-12 13:24:42,395 (HH:mm:ss.SSS) [main] INFO  testCases.CartQuantityItems *************Account is logged in*****************
2026-08-12 13:24:47,453 (HH:mm:ss.SSS) [main] INFO  testCases.CartQuantityItems Search value entered : Marble & Wooden Set
2026-08-12 13:24:49,545 (HH:mm:ss.SSS) [main] INFO  testCases.CartQuantityItems Search product clicked
2026-08-12 13:24:49,587 (HH:mm:ss.SSS) [main] INFO  testCases.CartQuantityItems Product title : Marble & Wooden Set
2026-08-12 13:24:49,587 (HH:mm:ss.SSS) [main] INFO  testCases.CartQuantityItems Verified Product Title
2026-08-12 13:24:49,931 (HH:mm:ss.SSS) [main] INFO  testCases.CartQuantityItems Address Selected
2026-08-12 13:24:52,691 (HH:mm:ss.SSS) [main] INFO  testCases.CartQuantityItems Date Selected
2026-08-12 13:24:53,274 (HH:mm:ss.SSS) [main] INFO  testCases.CartQuantityItems Item added to cart successfully
2026-08-12 13:24:54,724 (HH:mm:ss.SSS) [main] INFO  testCases.CartQuantityItems Cart Badge Count : 3
2026-08-12 13:24:54,725 (HH:mm:ss.SSS) [main] INFO  testCases.CartQuantityItems Cart Item Count : 3
]]></system-out>
    <system-err><![CDATA[Aug 12, 2026 1:24:27 PM org.openqa.selenium.remote.http.WebSocket$Listener onError
WARNING: Connection reset
java.net.SocketException: Connection reset
	at java.base/sun.nio.ch.SocketChannelImpl.throwConnectionReset(SocketChannelImpl.java:401)
	at java.base/sun.nio.ch.SocketChannelImpl.read(SocketChannelImpl.java:434)
	at java.net.http/jdk.internal.net.http.SocketTube.readAvailable(SocketTube.java:1178)
	at java.net.http/jdk.internal.net.http.SocketTube$InternalReadPublisher$InternalReadSubscription.read(SocketTube.java:841)
	at java.net.http/jdk.internal.net.http.SocketTube$SocketFlowTask.run(SocketTube.java:181)
	at java.net.http/jdk.internal.net.http.common.SequentialScheduler$SchedulableTask.run(SequentialScheduler.java:207)
	at java.net.http/jdk.internal.net.http.common.SequentialScheduler.runOrSchedule(SequentialScheduler.java:280)
	at java.net.http/jdk.internal.net.http.common.SequentialScheduler.runOrSchedule(SequentialScheduler.java:233)
	at java.net.http/jdk.internal.net.http.SocketTube$InternalReadPublisher$InternalReadSubscription.signalReadable(SocketTube.java:782)
	at java.net.http/jdk.internal.net.http.SocketTube$InternalReadPublisher$ReadEvent.signalEvent(SocketTube.java:965)
	at java.net.http/jdk.internal.net.http.SocketTube$SocketFlowEvent.handle(SocketTube.java:253)
	at java.net.http/jdk.internal.net.http.HttpClientImpl$SelectorManager.handleEvent(HttpClientImpl.java:1477)
	at java.net.http/jdk.internal.net.http.HttpClientImpl$SelectorManager.lambda$run$3(HttpClientImpl.java:1422)
	at java.base/java.util.ArrayList.forEach(ArrayList.java:1596)
	at java.net.http/jdk.internal.net.http.HttpClientImpl$SelectorManager.run(HttpClientImpl.java:1422)

[main] INFO io.github.bonigarcia.wdm.WebDriverManager - Using chromedriver 151.0.7922.138 (resolved driver for Chrome 151)
[main] INFO io.github.bonigarcia.wdm.WebDriverManager - Exporting webdriver.chrome.driver as C:\Users\bleem\.cache\selenium\chromedriver\win64\151.0.7922.138\chromedriver.exe
Aug 12, 2026 1:24:28 PM org.openqa.selenium.devtools.CdpVersionFinder findNearestMatch
WARNING: Unable to find CDP implementation matching 151
Aug 12, 2026 1:24:28 PM org.openqa.selenium.chromium.ChromiumDriver lambda$new$5
WARNING: Unable to find version of CDP to use for 151.0.7922.108. You may need to include a dependency on a specific version of the CDP using something similar to `org.seleniumhq.selenium:selenium-devtools-v86:4.21.0` where the version ("v86") matches the version of the chromium-based browser you're using and the version number of the artifact is the same as Selenium's.
]]></system-err>
  </testcase>
  <testcase name="verify_RemoveItemCartTest" classname="testCases.RemoveItemCartTest" time="16.623">
    <system-out><![CDATA[Browser closed successfully
2026-08-12 13:25:09,713 (HH:mm:ss.SSS) [main] INFO  testCases.RemoveItemCartTest *************Account is logged in*****************
2026-08-12 13:25:15,571 (HH:mm:ss.SSS) [main] INFO  testCases.RemoveItemCartTest Search value entered : Marble & Wooden Set
2026-08-12 13:25:17,489 (HH:mm:ss.SSS) [main] INFO  testCases.RemoveItemCartTest Search product clicked
2026-08-12 13:25:17,538 (HH:mm:ss.SSS) [main] INFO  testCases.RemoveItemCartTest Product title : Marble & Wooden Set
2026-08-12 13:25:17,538 (HH:mm:ss.SSS) [main] INFO  testCases.RemoveItemCartTest Verified Product Title
2026-08-12 13:25:17,894 (HH:mm:ss.SSS) [main] INFO  testCases.RemoveItemCartTest Address Selected
2026-08-12 13:25:21,053 (HH:mm:ss.SSS) [main] INFO  testCases.RemoveItemCartTest Date Selected
2026-08-12 13:25:21,895 (HH:mm:ss.SSS) [main] INFO  testCases.RemoveItemCartTest Item added to cart successfully
2026-08-12 13:25:26,336 (HH:mm:ss.SSS) [main] INFO  testCases.RemoveItemCartTest Cart Item Count : 3
2026-08-12 13:25:26,336 (HH:mm:ss.SSS) [main] INFO  testCases.RemoveItemCartTest Cart Item Count : 1
]]></system-out>
    <system-err><![CDATA[Aug 12, 2026 1:24:54 PM org.openqa.selenium.remote.http.WebSocket$Listener onError
WARNING: Connection reset
java.net.SocketException: Connection reset
	at java.base/sun.nio.ch.SocketChannelImpl.throwConnectionReset(SocketChannelImpl.java:401)
	at java.base/sun.nio.ch.SocketChannelImpl.read(SocketChannelImpl.java:434)
	at java.net.http/jdk.internal.net.http.SocketTube.readAvailable(SocketTube.java:1178)
	at java.net.http/jdk.internal.net.http.SocketTube$InternalReadPublisher$InternalReadSubscription.read(SocketTube.java:841)
	at java.net.http/jdk.internal.net.http.SocketTube$SocketFlowTask.run(SocketTube.java:181)
	at java.net.http/jdk.internal.net.http.common.SequentialScheduler$SchedulableTask.run(SequentialScheduler.java:207)
	at java.net.http/jdk.internal.net.http.common.SequentialScheduler.runOrSchedule(SequentialScheduler.java:280)
	at java.net.http/jdk.internal.net.http.common.SequentialScheduler.runOrSchedule(SequentialScheduler.java:233)
	at java.net.http/jdk.internal.net.http.SocketTube$InternalReadPublisher$InternalReadSubscription.signalReadable(SocketTube.java:782)
	at java.net.http/jdk.internal.net.http.SocketTube$InternalReadPublisher$ReadEvent.signalEvent(SocketTube.java:965)
	at java.net.http/jdk.internal.net.http.SocketTube$SocketFlowEvent.handle(SocketTube.java:253)
	at java.net.http/jdk.internal.net.http.HttpClientImpl$SelectorManager.handleEvent(HttpClientImpl.java:1477)
	at java.net.http/jdk.internal.net.http.HttpClientImpl$SelectorManager.lambda$run$3(HttpClientImpl.java:1422)
	at java.base/java.util.ArrayList.forEach(ArrayList.java:1596)
	at java.net.http/jdk.internal.net.http.HttpClientImpl$SelectorManager.run(HttpClientImpl.java:1422)

[main] INFO io.github.bonigarcia.wdm.WebDriverManager - Using chromedriver 151.0.7922.138 (resolved driver for Chrome 151)
[main] INFO io.github.bonigarcia.wdm.WebDriverManager - Exporting webdriver.chrome.driver as C:\Users\bleem\.cache\selenium\chromedriver\win64\151.0.7922.138\chromedriver.exe
Aug 12, 2026 1:24:55 PM org.openqa.selenium.devtools.CdpVersionFinder findNearestMatch
WARNING: Unable to find CDP implementation matching 151
Aug 12, 2026 1:24:55 PM org.openqa.selenium.chromium.ChromiumDriver lambda$new$5
WARNING: Unable to find version of CDP to use for 151.0.7922.108. You may need to include a dependency on a specific version of the CDP using something similar to `org.seleniumhq.selenium:selenium-devtools-v86:4.21.0` where the version ("v86") matches the version of the chromium-based browser you're using and the version number of the artifact is the same as Selenium's.
]]></system-err>
  </testcase>
  <testcase name="verify_TopSestions[live](1)" classname="testCases.TopSectionItemsTest" time="16.614">
    <system-out><![CDATA[Browser closed successfully
2026-08-12 13:25:41,754 (HH:mm:ss.SSS) [main] INFO  testCases.TopSectionItemsTest *************Account is logged in*****************
]]></system-out>
    <system-err><![CDATA[[main] INFO io.github.bonigarcia.wdm.WebDriverManager - Using chromedriver 151.0.7922.138 (resolved driver for Chrome 151)
[main] INFO io.github.bonigarcia.wdm.WebDriverManager - Exporting webdriver.chrome.driver as C:\Users\bleem\.cache\selenium\chromedriver\win64\151.0.7922.138\chromedriver.exe
Aug 12, 2026 1:25:27 PM org.openqa.selenium.devtools.CdpVersionFinder findNearestMatch
WARNING: Unable to find CDP implementation matching 151
Aug 12, 2026 1:25:27 PM org.openqa.selenium.chromium.ChromiumDriver lambda$new$5
WARNING: Unable to find version of CDP to use for 151.0.7922.108. You may need to include a dependency on a specific version of the CDP using something similar to `org.seleniumhq.selenium:selenium-devtools-v86:4.21.0` where the version ("v86") matches the version of the chromium-based browser you're using and the version number of the artifact is the same as Selenium's.
]]></system-err>
  </testcase>
  <testcase name="Verify_shoppingViaShops" classname="testCases.ShopThrowShops" time="18.008">
    <system-out><![CDATA[Browser closed successfully
2026-08-12 13:26:15,182 (HH:mm:ss.SSS) [main] INFO  testCases.ShopThrowShops *************Account is logged in*****************
2026-08-12 13:26:22,359 (HH:mm:ss.SSS) [main] INFO  testCases.ShopThrowShops shop section clicked
2026-08-12 13:26:23,236 (HH:mm:ss.SSS) [main] INFO  testCases.ShopThrowShops verified flower shops list
2026-08-12 13:26:24,682 (HH:mm:ss.SSS) [main] INFO  testCases.ShopThrowShops shop clicked
2026-08-12 13:26:24,733 (HH:mm:ss.SSS) [main] INFO  testCases.ShopThrowShops shop verified
2026-08-12 13:26:25,118 (HH:mm:ss.SSS) [main] INFO  testCases.ShopThrowShops sort verification
2026-08-12 13:26:27,777 (HH:mm:ss.SSS) [main] INFO  testCases.ShopThrowShops Address selected
2026-08-12 13:26:30,378 (HH:mm:ss.SSS) [main] INFO  testCases.ShopThrowShops Date is clickedselected
2026-08-12 13:26:31,048 (HH:mm:ss.SSS) [main] INFO  testCases.ShopThrowShops Date and Time selected
2026-08-12 13:26:31,438 (HH:mm:ss.SSS) [main] INFO  testCases.ShopThrowShops Send button clicked
]]></system-out>
    <system-err><![CDATA[[main] INFO io.github.bonigarcia.wdm.WebDriverManager - Using chromedriver 151.0.7922.138 (resolved driver for Chrome 151)
[main] INFO io.github.bonigarcia.wdm.WebDriverManager - Exporting webdriver.chrome.driver as C:\Users\bleem\.cache\selenium\chromedriver\win64\151.0.7922.138\chromedriver.exe
Aug 12, 2026 1:25:59 PM org.openqa.selenium.devtools.CdpVersionFinder findNearestMatch
WARNING: Unable to find CDP implementation matching 151
Aug 12, 2026 1:25:59 PM org.openqa.selenium.chromium.ChromiumDriver lambda$new$5
WARNING: Unable to find version of CDP to use for 151.0.7922.108. You may need to include a dependency on a specific version of the CDP using something similar to `org.seleniumhq.selenium:selenium-devtools-v86:4.21.0` where the version ("v86") matches the version of the chromium-based browser you're using and the version number of the artifact is the same as Selenium's.
]]></system-err>
  </testcase>
</testsuite>