<?xml version="1.0" encoding="UTF-8"?>
<testng-results ignored="0" total="15" passed="13" failed="2" skipped="0">
  <reporter-output>
  </reporter-output>
  <suite started-at="2026-08-10T13:43:56 AST" name="Suite" finished-at="2026-08-10T13:51:59 AST" duration-ms="482473">
    <groups>
      <group name="loginUser">
        <method signature="CartItemsTest.verify_CartItemsTest()[pri:0, instance:testCases.CartItemsTest@5fbe4146]" name="verify_CartItemsTest" class="testCases.CartItemsTest"/>
        <method signature="CartQuantityItems.verify_CartQuantityItemsTest()[pri:0, instance:testCases.CartQuantityItems@1e66f1f5]" name="verify_CartQuantityItemsTest" class="testCases.CartQuantityItems"/>
        <method signature="FilterGiftTest.VerifyFilterGift()[pri:0, instance:testCases.FilterGiftTest@3c3d9b6b]" name="VerifyFilterGift" class="testCases.FilterGiftTest"/>
        <method signature="LogInOutHomePageTest.verify_HomePageElements()[pri:0, instance:testCases.LogInOutHomePageTest@bccb269]" name="verify_HomePageElements" class="testCases.LogInOutHomePageTest"/>
        <method signature="LoginCheckoutTest.verify_CheckoutPrice()[pri:0, instance:testCases.LoginCheckoutTest@609cd4d8]" name="verify_CheckoutPrice" class="testCases.LoginCheckoutTest"/>
        <method signature="LoginTest.verify_login()[pri:0, instance:testCases.LoginTest@bcec361]" name="verify_login" class="testCases.LoginTest"/>
        <method signature="LogoutTest.verify_Logout()[pri:0, instance:testCases.LogoutTest@66d18979]" name="verify_Logout" class="testCases.LogoutTest"/>
        <method signature="ProductDetailsTest.verify_ProductDetails()[pri:0, instance:testCases.ProductDetailsTest@79d8407f]" name="verify_ProductDetails" class="testCases.ProductDetailsTest"/>
        <method signature="RemoveItemCartTest.verify_RemoveItemCartTest()[pri:0, instance:testCases.RemoveItemCartTest@4e50c791]" name="verify_RemoveItemCartTest" class="testCases.RemoveItemCartTest"/>
        <method signature="SearchItemTest.verify_itemSearch()[pri:0, instance:testCases.SearchItemTest@7d8704ef]" name="verify_itemSearch" class="testCases.SearchItemTest"/>
        <method signature="SearchTest.Verify_SearchItem()[pri:0, instance:testCases.SearchTest@17f7cd29]" name="Verify_SearchItem" class="testCases.SearchTest"/>
        <method signature="SectionFlowerTest.verifySectionFlower()[pri:0, instance:testCases.SectionFlowerTest@13b6aecc]" name="verifySectionFlower" class="testCases.SectionFlowerTest"/>
        <method signature="SortTestConfection.verifySort()[pri:0, instance:testCases.SortTestConfection@158a8276]" name="verifySort" class="testCases.SortTestConfection"/>
      </group> <!-- loginUser -->
      <group name="guestUser">
        <method signature="CartItemsTest.verify_CartItemsTest()[pri:0, instance:testCases.CartItemsTest@5fbe4146]" name="verify_CartItemsTest" class="testCases.CartItemsTest"/>
        <method signature="CartQuantityItems.verify_CartQuantityItemsTest()[pri:0, instance:testCases.CartQuantityItems@1e66f1f5]" name="verify_CartQuantityItemsTest" class="testCases.CartQuantityItems"/>
        <method signature="FilterGiftTest.VerifyFilterGift()[pri:0, instance:testCases.FilterGiftTest@3c3d9b6b]" name="VerifyFilterGift" class="testCases.FilterGiftTest"/>
        <method signature="LogInOutHomePageTest.verify_HomePageElements()[pri:0, instance:testCases.LogInOutHomePageTest@bccb269]" name="verify_HomePageElements" class="testCases.LogInOutHomePageTest"/>
        <method signature="ProductDetailsTest.verify_ProductDetails()[pri:0, instance:testCases.ProductDetailsTest@79d8407f]" name="verify_ProductDetails" class="testCases.ProductDetailsTest"/>
        <method signature="RemoveItemCartTest.verify_RemoveItemCartTest()[pri:0, instance:testCases.RemoveItemCartTest@4e50c791]" name="verify_RemoveItemCartTest" class="testCases.RemoveItemCartTest"/>
        <method signature="SearchItemTest.verify_itemSearch()[pri:0, instance:testCases.SearchItemTest@7d8704ef]" name="verify_itemSearch" class="testCases.SearchItemTest"/>
        <method signature="SearchTest.Verify_SearchItem()[pri:0, instance:testCases.SearchTest@17f7cd29]" name="Verify_SearchItem" class="testCases.SearchTest"/>
        <method signature="SectionFlowerTest.verifySectionFlower()[pri:0, instance:testCases.SectionFlowerTest@13b6aecc]" name="verifySectionFlower" class="testCases.SectionFlowerTest"/>
        <method signature="SortTestConfection.verifySort()[pri:0, instance:testCases.SortTestConfection@158a8276]" name="verifySort" class="testCases.SortTestConfection"/>
      </group> <!-- guestUser -->
    </groups>
    <test started-at="2026-08-10T13:43:56 AST" name="Test" finished-at="2026-08-10T13:51:59 AST" duration-ms="482473">
      <class name="testCases.FilterGiftTest">
        <test-method is-config="true" signature="setUp(java.lang.String,java.lang.String,java.lang.String,java.lang.String)[pri:0, instance:testCases.FilterGiftTest@3c3d9b6b]" started-at="2026-08-10T13:47:25 AST" name="setUp" finished-at="2026-08-10T13:47:40 AST" duration-ms="15836" status="PASS">
          <params>
            <param index="0">
              <value>
                <![CDATA[loginUser]]>
              </value>
            </param>
            <param index="1">
              <value>
                <![CDATA[live]]>
              </value>
            </param>
            <param index="2">
              <value>
                <![CDATA[shameem@bleems.com]]>
              </value>
            </param>
            <param index="3">
              <value>
                <![CDATA[Yousuf@123]]>
              </value>
            </param>
          </params>
          <reporter-output>
          </reporter-output>
        </test-method> <!-- setUp -->
        <test-method signature="VerifyFilterGift()[pri:0, instance:testCases.FilterGiftTest@3c3d9b6b]" started-at="2026-08-10T13:47:40 AST" name="VerifyFilterGift" finished-at="2026-08-10T13:47:49 AST" duration-ms="8851" status="PASS">
          <reporter-output>
          </reporter-output>
        </test-method> <!-- VerifyFilterGift -->
        <test-method is-config="true" signature="tearDown()[pri:0, instance:testCases.FilterGiftTest@3c3d9b6b]" started-at="2026-08-10T13:47:49 AST" name="tearDown" finished-at="2026-08-10T13:47:49 AST" duration-ms="157" status="PASS">
          <reporter-output>
          </reporter-output>
        </test-method> <!-- tearDown -->
      </class> <!-- testCases.FilterGiftTest -->
      <class name="testCases.ProductDetailsTest">
        <test-method is-config="true" signature="setUp(java.lang.String,java.lang.String,java.lang.String,java.lang.String)[pri:0, instance:testCases.ProductDetailsTest@79d8407f]" started-at="2026-08-10T13:47:49 AST" name="setUp" finished-at="2026-08-10T13:48:04 AST" duration-ms="14191" status="PASS">
          <params>
            <param index="0">
              <value>
                <![CDATA[loginUser]]>
              </value>
            </param>
            <param index="1">
              <value>
                <![CDATA[live]]>
              </value>
            </param>
            <param index="2">
              <value>
                <![CDATA[shameem@bleems.com]]>
              </value>
            </param>
            <param index="3">
              <value>
                <![CDATA[Yousuf@123]]>
              </value>
            </param>
          </params>
          <reporter-output>
          </reporter-output>
        </test-method> <!-- setUp -->
        <test-method signature="verify_ProductDetails()[pri:0, instance:testCases.ProductDetailsTest@79d8407f]" started-at="2026-08-10T13:48:04 AST" name="verify_ProductDetails" finished-at="2026-08-10T13:48:12 AST" duration-ms="8489" status="PASS">
          <reporter-output>
          </reporter-output>
        </test-method> <!-- verify_ProductDetails -->
        <test-method is-config="true" signature="tearDown()[pri:0, instance:testCases.ProductDetailsTest@79d8407f]" started-at="2026-08-10T13:48:12 AST" name="tearDown" finished-at="2026-08-10T13:48:12 AST" duration-ms="148" status="PASS">
          <reporter-output>
          </reporter-output>
        </test-method> <!-- tearDown -->
      </class> <!-- testCases.ProductDetailsTest -->
      <class name="testCases.SortTestConfection">
        <test-method is-config="true" signature="setUp(java.lang.String,java.lang.String,java.lang.String,java.lang.String)[pri:0, instance:testCases.SortTestConfection@158a8276]" started-at="2026-08-10T13:46:59 AST" name="setUp" finished-at="2026-08-10T13:47:16 AST" duration-ms="16358" status="PASS">
          <params>
            <param index="0">
              <value>
                <![CDATA[loginUser]]>
              </value>
            </param>
            <param index="1">
              <value>
                <![CDATA[live]]>
              </value>
            </param>
            <param index="2">
              <value>
                <![CDATA[shameem@bleems.com]]>
              </value>
            </param>
            <param index="3">
              <value>
                <![CDATA[Yousuf@123]]>
              </value>
            </param>
          </params>
          <reporter-output>
          </reporter-output>
        </test-method> <!-- setUp -->
        <test-method signature="verifySort()[pri:0, instance:testCases.SortTestConfection@158a8276]" started-at="2026-08-10T13:47:16 AST" name="verifySort" finished-at="2026-08-10T13:47:24 AST" duration-ms="8601" status="PASS">
          <reporter-output>
          </reporter-output>
        </test-method> <!-- verifySort -->
        <test-method is-config="true" signature="tearDown()[pri:0, instance:testCases.SortTestConfection@158a8276]" started-at="2026-08-10T13:47:24 AST" name="tearDown" finished-at="2026-08-10T13:47:25 AST" duration-ms="153" status="PASS">
          <reporter-output>
          </reporter-output>
        </test-method> <!-- tearDown -->
      </class> <!-- testCases.SortTestConfection -->
      <class name="testCases.LoginTest">
        <test-method is-config="true" signature="setUp(java.lang.String,java.lang.String,java.lang.String,java.lang.String)[pri:0, instance:testCases.LoginTest@bcec361]" started-at="2026-08-10T13:43:56 AST" name="setUp" finished-at="2026-08-10T13:44:12 AST" duration-ms="15741" status="PASS">
          <params>
            <param index="0">
              <value>
                <![CDATA[loginUser]]>
              </value>
            </param>
            <param index="1">
              <value>
                <![CDATA[live]]>
              </value>
            </param>
            <param index="2">
              <value>
                <![CDATA[shameem@bleems.com]]>
              </value>
            </param>
            <param index="3">
              <value>
                <![CDATA[Yousuf@123]]>
              </value>
            </param>
          </params>
          <reporter-output>
          </reporter-output>
        </test-method> <!-- setUp -->
        <test-method signature="verify_login()[pri:0, instance:testCases.LoginTest@bcec361]" started-at="2026-08-10T13:44:12 AST" name="verify_login" finished-at="2026-08-10T13:44:16 AST" duration-ms="4180" status="PASS">
          <reporter-output>
          </reporter-output>
        </test-method> <!-- verify_login -->
        <test-method is-config="true" signature="tearDown()[pri:0, instance:testCases.LoginTest@bcec361]" started-at="2026-08-10T13:44:16 AST" name="tearDown" finished-at="2026-08-10T13:44:17 AST" duration-ms="162" status="PASS">
          <reporter-output>
          </reporter-output>
        </test-method> <!-- tearDown -->
      </class> <!-- testCases.LoginTest -->
      <class name="testCases.SearchTest">
        <test-method is-config="true" signature="setUp(java.lang.String,java.lang.String,java.lang.String,java.lang.String)[pri:0, instance:testCases.SearchTest@17f7cd29]" started-at="2026-08-10T13:45:41 AST" name="setUp" finished-at="2026-08-10T13:45:57 AST" duration-ms="16867" status="PASS">
          <params>
            <param index="0">
              <value>
                <![CDATA[loginUser]]>
              </value>
            </param>
            <param index="1">
              <value>
                <![CDATA[live]]>
              </value>
            </param>
            <param index="2">
              <value>
                <![CDATA[shameem@bleems.com]]>
              </value>
            </param>
            <param index="3">
              <value>
                <![CDATA[Yousuf@123]]>
              </value>
            </param>
          </params>
          <reporter-output>
          </reporter-output>
        </test-method> <!-- setUp -->
        <test-method signature="Verify_SearchItem()[pri:0, instance:testCases.SearchTest@17f7cd29]" started-at="2026-08-10T13:45:57 AST" name="Verify_SearchItem" finished-at="2026-08-10T13:46:11 AST" duration-ms="13434" status="PASS">
          <reporter-output>
          </reporter-output>
        </test-method> <!-- Verify_SearchItem -->
        <test-method is-config="true" signature="tearDown()[pri:0, instance:testCases.SearchTest@17f7cd29]" started-at="2026-08-10T13:46:11 AST" name="tearDown" finished-at="2026-08-10T13:46:11 AST" duration-ms="168" status="PASS">
          <reporter-output>
          </reporter-output>
        </test-method> <!-- tearDown -->
      </class> <!-- testCases.SearchTest -->
      <class name="testCases.TopSectionItemsTest">
        <test-method is-config="true" signature="setUp(java.lang.String,java.lang.String,java.lang.String,java.lang.String)[pri:0, instance:testCases.TopSectionItemsTest@7530ad9c]" started-at="2026-08-10T13:50:55 AST" name="setUp" finished-at="2026-08-10T13:51:11 AST" duration-ms="15850" status="PASS">
          <params>
            <param index="0">
              <value>
                <![CDATA[loginUser]]>
              </value>
            </param>
            <param index="1">
              <value>
                <![CDATA[live]]>
              </value>
            </param>
            <param index="2">
              <value>
                <![CDATA[shameem@bleems.com]]>
              </value>
            </param>
            <param index="3">
              <value>
                <![CDATA[Yousuf@123]]>
              </value>
            </param>
          </params>
          <reporter-output>
          </reporter-output>
        </test-method> <!-- setUp -->
        <test-method signature="verify_TopSestions(java.lang.String)[pri:0, instance:testCases.TopSectionItemsTest@7530ad9c]" started-at="2026-08-10T13:51:11 AST" name="verify_TopSestions" finished-at="2026-08-10T13:51:27 AST" duration-ms="16006" status="PASS">
          <params>
            <param index="0">
              <value>
                <![CDATA[live]]>
              </value>
            </param>
          </params>
          <reporter-output>
          </reporter-output>
        </test-method> <!-- verify_TopSestions -->
        <test-method is-config="true" signature="tearDown()[pri:0, instance:testCases.TopSectionItemsTest@7530ad9c]" started-at="2026-08-10T13:51:27 AST" name="tearDown" finished-at="2026-08-10T13:51:27 AST" duration-ms="156" status="PASS">
          <reporter-output>
          </reporter-output>
        </test-method> <!-- tearDown -->
      </class> <!-- testCases.TopSectionItemsTest -->
      <class name="testCases.SectionFlowerTest">
        <test-method is-config="true" signature="setUp(java.lang.String,java.lang.String,java.lang.String,java.lang.String)[pri:0, instance:testCases.SectionFlowerTest@13b6aecc]" started-at="2026-08-10T13:46:34 AST" name="setUp" finished-at="2026-08-10T13:46:49 AST" duration-ms="15238" status="PASS">
          <params>
            <param index="0">
              <value>
                <![CDATA[loginUser]]>
              </value>
            </param>
            <param index="1">
              <value>
                <![CDATA[live]]>
              </value>
            </param>
            <param index="2">
              <value>
                <![CDATA[shameem@bleems.com]]>
              </value>
            </param>
            <param index="3">
              <value>
                <![CDATA[Yousuf@123]]>
              </value>
            </param>
          </params>
          <reporter-output>
          </reporter-output>
        </test-method> <!-- setUp -->
        <test-method signature="verifySectionFlower()[pri:0, instance:testCases.SectionFlowerTest@13b6aecc]" started-at="2026-08-10T13:46:49 AST" name="verifySectionFlower" finished-at="2026-08-10T13:46:59 AST" duration-ms="10491" status="PASS">
          <reporter-output>
          </reporter-output>
        </test-method> <!-- verifySectionFlower -->
        <test-method is-config="true" signature="tearDown()[pri:0, instance:testCases.SectionFlowerTest@13b6aecc]" started-at="2026-08-10T13:46:59 AST" name="tearDown" finished-at="2026-08-10T13:46:59 AST" duration-ms="135" status="PASS">
          <reporter-output>
          </reporter-output>
        </test-method> <!-- tearDown -->
      </class> <!-- testCases.SectionFlowerTest -->
      <class name="testCases.LoginCheckoutTest">
        <test-method is-config="true" signature="setUp(java.lang.String,java.lang.String,java.lang.String,java.lang.String)[pri:0, instance:testCases.LoginCheckoutTest@609cd4d8]" started-at="2026-08-10T13:45:06 AST" name="setUp" finished-at="2026-08-10T13:45:21 AST" duration-ms="15404" status="PASS">
          <params>
            <param index="0">
              <value>
                <![CDATA[loginUser]]>
              </value>
            </param>
            <param index="1">
              <value>
                <![CDATA[live]]>
              </value>
            </param>
            <param index="2">
              <value>
                <![CDATA[shameem@bleems.com]]>
              </value>
            </param>
            <param index="3">
              <value>
                <![CDATA[Yousuf@123]]>
              </value>
            </param>
          </params>
          <reporter-output>
          </reporter-output>
        </test-method> <!-- setUp -->
        <test-method signature="verify_CheckoutPrice()[pri:0, instance:testCases.LoginCheckoutTest@609cd4d8]" started-at="2026-08-10T13:45:21 AST" name="verify_CheckoutPrice" finished-at="2026-08-10T13:45:40 AST" duration-ms="19033" status="PASS">
          <reporter-output>
          </reporter-output>
        </test-method> <!-- verify_CheckoutPrice -->
        <test-method is-config="true" signature="tearDown()[pri:0, instance:testCases.LoginCheckoutTest@609cd4d8]" started-at="2026-08-10T13:45:40 AST" name="tearDown" finished-at="2026-08-10T13:45:41 AST" duration-ms="170" status="PASS">
          <reporter-output>
          </reporter-output>
        </test-method> <!-- tearDown -->
      </class> <!-- testCases.LoginCheckoutTest -->
      <class name="testCases.LogInOutHomePageTest">
        <test-method is-config="true" signature="setUp(java.lang.String,java.lang.String,java.lang.String,java.lang.String)[pri:0, instance:testCases.LogInOutHomePageTest@bccb269]" started-at="2026-08-10T13:44:42 AST" name="setUp" finished-at="2026-08-10T13:44:57 AST" duration-ms="15209" status="PASS">
          <params>
            <param index="0">
              <value>
                <![CDATA[loginUser]]>
              </value>
            </param>
            <param index="1">
              <value>
                <![CDATA[live]]>
              </value>
            </param>
            <param index="2">
              <value>
                <![CDATA[shameem@bleems.com]]>
              </value>
            </param>
            <param index="3">
              <value>
                <![CDATA[Yousuf@123]]>
              </value>
            </param>
          </params>
          <reporter-output>
          </reporter-output>
        </test-method> <!-- setUp -->
        <test-method signature="verify_HomePageElements()[pri:0, instance:testCases.LogInOutHomePageTest@bccb269]" started-at="2026-08-10T13:44:57 AST" name="verify_HomePageElements" finished-at="2026-08-10T13:45:06 AST" duration-ms="8924" status="PASS">
          <reporter-output>
          </reporter-output>
        </test-method> <!-- verify_HomePageElements -->
        <test-method is-config="true" signature="tearDown()[pri:0, instance:testCases.LogInOutHomePageTest@bccb269]" started-at="2026-08-10T13:45:06 AST" name="tearDown" finished-at="2026-08-10T13:45:06 AST" duration-ms="155" status="PASS">
          <reporter-output>
          </reporter-output>
        </test-method> <!-- tearDown -->
      </class> <!-- testCases.LogInOutHomePageTest -->
      <class name="testCases.CartQuantityItems">
        <test-method is-config="true" signature="setUp(java.lang.String,java.lang.String,java.lang.String,java.lang.String)[pri:0, instance:testCases.CartQuantityItems@1e66f1f5]" started-at="2026-08-10T13:49:49 AST" name="setUp" finished-at="2026-08-10T13:50:03 AST" duration-ms="14835" status="PASS">
          <params>
            <param index="0">
              <value>
                <![CDATA[loginUser]]>
              </value>
            </param>
            <param index="1">
              <value>
                <![CDATA[live]]>
              </value>
            </param>
            <param index="2">
              <value>
                <![CDATA[shameem@bleems.com]]>
              </value>
            </param>
            <param index="3">
              <value>
                <![CDATA[Yousuf@123]]>
              </value>
            </param>
          </params>
          <reporter-output>
          </reporter-output>
        </test-method> <!-- setUp -->
        <test-method signature="verify_CartQuantityItemsTest()[pri:0, instance:testCases.CartQuantityItems@1e66f1f5]" started-at="2026-08-10T13:50:03 AST" name="verify_CartQuantityItemsTest" finished-at="2026-08-10T13:50:20 AST" duration-ms="16539" status="PASS">
          <reporter-output>
          </reporter-output>
        </test-method> <!-- verify_CartQuantityItemsTest -->
        <test-method is-config="true" signature="tearDown()[pri:0, instance:testCases.CartQuantityItems@1e66f1f5]" started-at="2026-08-10T13:50:20 AST" name="tearDown" finished-at="2026-08-10T13:50:20 AST" duration-ms="130" status="PASS">
          <reporter-output>
          </reporter-output>
        </test-method> <!-- tearDown -->
      </class> <!-- testCases.CartQuantityItems -->
      <class name="testCases.RemoveItemCartTest">
        <test-method is-config="true" signature="setUp(java.lang.String,java.lang.String,java.lang.String,java.lang.String)[pri:0, instance:testCases.RemoveItemCartTest@4e50c791]" started-at="2026-08-10T13:50:20 AST" name="setUp" finished-at="2026-08-10T13:50:37 AST" duration-ms="16623" status="PASS">
          <params>
            <param index="0">
              <value>
                <![CDATA[loginUser]]>
              </value>
            </param>
            <param index="1">
              <value>
                <![CDATA[live]]>
              </value>
            </param>
            <param index="2">
              <value>
                <![CDATA[shameem@bleems.com]]>
              </value>
            </param>
            <param index="3">
              <value>
                <![CDATA[Yousuf@123]]>
              </value>
            </param>
          </params>
          <reporter-output>
          </reporter-output>
        </test-method> <!-- setUp -->
        <test-method signature="verify_RemoveItemCartTest()[pri:0, instance:testCases.RemoveItemCartTest@4e50c791]" started-at="2026-08-10T13:50:37 AST" name="verify_RemoveItemCartTest" finished-at="2026-08-10T13:50:55 AST" duration-ms="18148" status="PASS">
          <reporter-output>
          </reporter-output>
        </test-method> <!-- verify_RemoveItemCartTest -->
        <test-method is-config="true" signature="tearDown()[pri:0, instance:testCases.RemoveItemCartTest@4e50c791]" started-at="2026-08-10T13:50:55 AST" name="tearDown" finished-at="2026-08-10T13:50:55 AST" duration-ms="122" status="PASS">
          <reporter-output>
          </reporter-output>
        </test-method> <!-- tearDown -->
      </class> <!-- testCases.RemoveItemCartTest -->
      <class name="testCases.ShopThrowShops">
        <test-method is-config="true" signature="setUp(java.lang.String,java.lang.String,java.lang.String,java.lang.String)[pri:0, instance:testCases.ShopThrowShops@58a9760d]" started-at="2026-08-10T13:51:27 AST" name="setUp" finished-at="2026-08-10T13:51:41 AST" duration-ms="13828" status="PASS">
          <params>
            <param index="0">
              <value>
                <![CDATA[loginUser]]>
              </value>
            </param>
            <param index="1">
              <value>
                <![CDATA[live]]>
              </value>
            </param>
            <param index="2">
              <value>
                <![CDATA[shameem@bleems.com]]>
              </value>
            </param>
            <param index="3">
              <value>
                <![CDATA[Yousuf@123]]>
              </value>
            </param>
          </params>
          <reporter-output>
          </reporter-output>
        </test-method> <!-- setUp -->
        <test-method signature="Verify_shoppingViaShops()[pri:0, instance:testCases.ShopThrowShops@58a9760d]" started-at="2026-08-10T13:51:41 AST" name="Verify_shoppingViaShops" finished-at="2026-08-10T13:51:59 AST" duration-ms="17609" status="PASS">
          <reporter-output>
          </reporter-output>
        </test-method> <!-- Verify_shoppingViaShops -->
        <test-method is-config="true" signature="tearDown()[pri:0, instance:testCases.ShopThrowShops@58a9760d]" started-at="2026-08-10T13:51:59 AST" name="tearDown" finished-at="2026-08-10T13:51:59 AST" duration-ms="166" status="PASS">
          <reporter-output>
          </reporter-output>
        </test-method> <!-- tearDown -->
      </class> <!-- testCases.ShopThrowShops -->
      <class name="testCases.CartItemsTest">
        <test-method is-config="true" signature="setUp(java.lang.String,java.lang.String,java.lang.String,java.lang.String)[pri:0, instance:testCases.CartItemsTest@5fbe4146]" started-at="2026-08-10T13:48:12 AST" name="setUp" finished-at="2026-08-10T13:48:28 AST" duration-ms="15275" status="PASS">
          <params>
            <param index="0">
              <value>
                <![CDATA[loginUser]]>
              </value>
            </param>
            <param index="1">
              <value>
                <![CDATA[live]]>
              </value>
            </param>
            <param index="2">
              <value>
                <![CDATA[shameem@bleems.com]]>
              </value>
            </param>
            <param index="3">
              <value>
                <![CDATA[Yousuf@123]]>
              </value>
            </param>
          </params>
          <reporter-output>
          </reporter-output>
        </test-method> <!-- setUp -->
        <test-method signature="verify_CartItemsTest()[pri:0, instance:testCases.CartItemsTest@5fbe4146]" started-at="2026-08-10T13:48:28 AST" name="verify_CartItemsTest" finished-at="2026-08-10T13:49:48 AST" duration-ms="80947" status="FAIL">
          <exception class="java.lang.AssertionError">
            <message>
              <![CDATA[expected [false] but found [true]]]>
            </message>
            <full-stacktrace>
              <![CDATA[java.lang.AssertionError: expected [false] but found [true]
at org.testng.Assert.fail(Assert.java:111)
at org.testng.Assert.failNotEquals(Assert.java:1578)
at org.testng.Assert.assertFalse(Assert.java:79)
at org.testng.Assert.assertFalse(Assert.java:89)
at testCases.CartItemsTest.verify_CartItemsTest(CartItemsTest.java:65)
at java.base/jdk.internal.reflect.DirectMethodHandleAccessor.invoke(DirectMethodHandleAccessor.java:103)
at java.base/java.lang.reflect.Method.invoke(Method.java:580)
at org.testng.internal.invokers.MethodInvocationHelper.invokeMethod(MethodInvocationHelper.java:141)
at org.testng.internal.invokers.TestInvoker.invokeMethod(TestInvoker.java:686)
at org.testng.internal.invokers.TestInvoker.invokeTestMethod(TestInvoker.java:230)
at org.testng.internal.invokers.MethodRunner.runInSequence(MethodRunner.java:63)
at org.testng.internal.invokers.TestInvoker$MethodInvocationAgent.invoke(TestInvoker.java:992)
at org.testng.internal.invokers.TestInvoker.invokeTestMethods(TestInvoker.java:203)
at org.testng.internal.invokers.TestMethodWorker.invokeTestMethods(TestMethodWorker.java:154)
at org.testng.internal.invokers.TestMethodWorker.run(TestMethodWorker.java:134)
at java.base/java.util.ArrayList.forEach(ArrayList.java:1596)
at org.testng.TestRunner.privateRun(TestRunner.java:739)
at org.testng.TestRunner.run(TestRunner.java:614)
at org.testng.SuiteRunner.runTest(SuiteRunner.java:421)
at org.testng.SuiteRunner.runSequentially(SuiteRunner.java:413)
at org.testng.SuiteRunner.privateRun(SuiteRunner.java:373)
at org.testng.SuiteRunner.run(SuiteRunner.java:312)
at org.testng.SuiteRunnerWorker.runSuite(SuiteRunnerWorker.java:52)
at org.testng.SuiteRunnerWorker.run(SuiteRunnerWorker.java:95)
at org.testng.TestNG.runSuitesSequentially(TestNG.java:1274)
at org.testng.TestNG.runSuitesLocally(TestNG.java:1208)
at org.testng.TestNG.runSuites(TestNG.java:1112)
at org.testng.TestNG.run(TestNG.java:1079)
at org.testng.remote.AbstractRemoteTestNG.run(AbstractRemoteTestNG.java:115)
at org.testng.remote.RemoteTestNG.initAndRun(RemoteTestNG.java:293)
at org.testng.remote.RemoteTestNG.main(RemoteTestNG.java:91)
]]>
            </full-stacktrace>
          </exception> <!-- java.lang.AssertionError -->
          <reporter-output>
          </reporter-output>
        </test-method> <!-- verify_CartItemsTest -->
        <test-method is-config="true" signature="tearDown()[pri:0, instance:testCases.CartItemsTest@5fbe4146]" started-at="2026-08-10T13:49:48 AST" name="tearDown" finished-at="2026-08-10T13:49:49 AST" duration-ms="179" status="PASS">
          <reporter-output>
          </reporter-output>
        </test-method> <!-- tearDown -->
      </class> <!-- testCases.CartItemsTest -->
      <class name="testCases.LogoutTest">
        <test-method is-config="true" signature="setUp(java.lang.String,java.lang.String,java.lang.String,java.lang.String)[pri:0, instance:testCases.LogoutTest@66d18979]" started-at="2026-08-10T13:44:17 AST" name="setUp" finished-at="2026-08-10T13:44:33 AST" duration-ms="16445" status="PASS">
          <params>
            <param index="0">
              <value>
                <![CDATA[loginUser]]>
              </value>
            </param>
            <param index="1">
              <value>
                <![CDATA[live]]>
              </value>
            </param>
            <param index="2">
              <value>
                <![CDATA[shameem@bleems.com]]>
              </value>
            </param>
            <param index="3">
              <value>
                <![CDATA[Yousuf@123]]>
              </value>
            </param>
          </params>
          <reporter-output>
          </reporter-output>
        </test-method> <!-- setUp -->
        <test-method signature="verify_Logout()[pri:0, instance:testCases.LogoutTest@66d18979]" started-at="2026-08-10T13:44:33 AST" name="verify_Logout" finished-at="2026-08-10T13:44:42 AST" duration-ms="8542" status="PASS">
          <reporter-output>
          </reporter-output>
        </test-method> <!-- verify_Logout -->
        <test-method is-config="true" signature="tearDown()[pri:0, instance:testCases.LogoutTest@66d18979]" started-at="2026-08-10T13:44:42 AST" name="tearDown" finished-at="2026-08-10T13:44:42 AST" duration-ms="152" status="PASS">
          <reporter-output>
          </reporter-output>
        </test-method> <!-- tearDown -->
      </class> <!-- testCases.LogoutTest -->
      <class name="testCases.SearchItemTest">
        <test-method is-config="true" signature="setUp(java.lang.String,java.lang.String,java.lang.String,java.lang.String)[pri:0, instance:testCases.SearchItemTest@7d8704ef]" started-at="2026-08-10T13:46:11 AST" name="setUp" finished-at="2026-08-10T13:46:26 AST" duration-ms="14520" status="PASS">
          <params>
            <param index="0">
              <value>
                <![CDATA[loginUser]]>
              </value>
            </param>
            <param index="1">
              <value>
                <![CDATA[live]]>
              </value>
            </param>
            <param index="2">
              <value>
                <![CDATA[shameem@bleems.com]]>
              </value>
            </param>
            <param index="3">
              <value>
                <![CDATA[Yousuf@123]]>
              </value>
            </param>
          </params>
          <reporter-output>
          </reporter-output>
        </test-method> <!-- setUp -->
        <test-method signature="verify_itemSearch()[pri:0, instance:testCases.SearchItemTest@7d8704ef]" started-at="2026-08-10T13:46:26 AST" name="verify_itemSearch" finished-at="2026-08-10T13:46:33 AST" duration-ms="7894" status="FAIL">
          <exception class="java.lang.AssertionError">
            <message>
              <![CDATA[expected [Luxury Bouquet 150] but found [White Roses 150]]]>
            </message>
            <full-stacktrace>
              <![CDATA[java.lang.AssertionError: expected [Luxury Bouquet 150] but found [White Roses 150]
at org.testng.Assert.fail(Assert.java:111)
at org.testng.Assert.failNotEquals(Assert.java:1578)
at org.testng.Assert.assertEqualsImpl(Assert.java:150)
at org.testng.Assert.assertEquals(Assert.java:132)
at org.testng.Assert.assertEquals(Assert.java:656)
at org.testng.Assert.assertEquals(Assert.java:666)
at testCases.SearchItemTest.verify_itemSearch(SearchItemTest.java:31)
at java.base/jdk.internal.reflect.DirectMethodHandleAccessor.invoke(DirectMethodHandleAccessor.java:103)
at java.base/java.lang.reflect.Method.invoke(Method.java:580)
at org.testng.internal.invokers.MethodInvocationHelper.invokeMethod(MethodInvocationHelper.java:141)
at org.testng.internal.invokers.TestInvoker.invokeMethod(TestInvoker.java:686)
at org.testng.internal.invokers.TestInvoker.invokeTestMethod(TestInvoker.java:230)
at org.testng.internal.invokers.MethodRunner.runInSequence(MethodRunner.java:63)
at org.testng.internal.invokers.TestInvoker$MethodInvocationAgent.invoke(TestInvoker.java:992)
at org.testng.internal.invokers.TestInvoker.invokeTestMethods(TestInvoker.java:203)
at org.testng.internal.invokers.TestMethodWorker.invokeTestMethods(TestMethodWorker.java:154)
at org.testng.internal.invokers.TestMethodWorker.run(TestMethodWorker.java:134)
at java.base/java.util.ArrayList.forEach(ArrayList.java:1596)
at org.testng.TestRunner.privateRun(TestRunner.java:739)
at org.testng.TestRunner.run(TestRunner.java:614)
at org.testng.SuiteRunner.runTest(SuiteRunner.java:421)
at org.testng.SuiteRunner.runSequentially(SuiteRunner.java:413)
at org.testng.SuiteRunner.privateRun(SuiteRunner.java:373)
at org.testng.SuiteRunner.run(SuiteRunner.java:312)
at org.testng.SuiteRunnerWorker.runSuite(SuiteRunnerWorker.java:52)
at org.testng.SuiteRunnerWorker.run(SuiteRunnerWorker.java:95)
at org.testng.TestNG.runSuitesSequentially(TestNG.java:1274)
at org.testng.TestNG.runSuitesLocally(TestNG.java:1208)
at org.testng.TestNG.runSuites(TestNG.java:1112)
at org.testng.TestNG.run(TestNG.java:1079)
at org.testng.remote.AbstractRemoteTestNG.run(AbstractRemoteTestNG.java:115)
at org.testng.remote.RemoteTestNG.initAndRun(RemoteTestNG.java:293)
at org.testng.remote.RemoteTestNG.main(RemoteTestNG.java:91)
]]>
            </full-stacktrace>
          </exception> <!-- java.lang.AssertionError -->
          <reporter-output>
          </reporter-output>
        </test-method> <!-- verify_itemSearch -->
        <test-method is-config="true" signature="tearDown()[pri:0, instance:testCases.SearchItemTest@7d8704ef]" started-at="2026-08-10T13:46:33 AST" name="tearDown" finished-at="2026-08-10T13:46:34 AST" duration-ms="154" status="PASS">
          <reporter-output>
          </reporter-output>
        </test-method> <!-- tearDown -->
      </class> <!-- testCases.SearchItemTest -->
    </test> <!-- Test -->
  </suite> <!-- Suite -->
</testng-results>
